Feb-13 15:44:34.768 [main] DEBUG nextflow.ui.console.ConsoleRunner - Unable to config console icons [1] - cause: Taskbar API is not supported on the current platform
Feb-13 15:44:46.705 [AWT-EventQueue-0] DEBUG nextflow.Session - Session UUID: f0bea0b9-33b0-415f-8bb3-2ed895900632
Feb-13 15:44:46.706 [AWT-EventQueue-0] DEBUG nextflow.Session - Run name: magical_payne
Feb-13 15:44:46.706 [AWT-EventQueue-0] DEBUG nextflow.Session - Executor pool size: 12
Feb-13 15:44:46.722 [AWT-EventQueue-0] DEBUG nextflow.file.FilePorter - File porter settings maxRetries=3; maxTransfers=50; pollTimeout=null
Feb-13 15:44:46.725 [AWT-EventQueue-0] DEBUG nextflow.util.ThreadPoolBuilder - Creating thread pool 'FileTransfer' minSize=10; maxSize=36; workQueue=LinkedBlockingQueue[10000]; allowCoreThreadTimeout=false
Feb-13 15:44:46.733 [AWT-EventQueue-0] DEBUG nextflow.Session - Work-dir: /home/jakob/src/My-bash-tools/work [ext2/ext3]
Feb-13 15:44:46.757 [AWT-EventQueue-0] DEBUG nextflow.executor.ExecutorFactory - Extension executors providers=[]
Feb-13 15:44:46.767 [AWT-EventQueue-0] DEBUG nextflow.Session - Observer factory: DefaultObserverFactory
Feb-13 15:44:46.779 [AWT-EventQueue-0] DEBUG nextflow.cache.CacheFactory - Using Nextflow cache factory: nextflow.cache.DefaultCacheFactory
Feb-13 15:44:46.805 [AWT-EventQueue-0] DEBUG nextflow.util.CustomThreadPool - Creating default thread pool > poolSize: 13; maxThreads: 1000
Feb-13 15:44:46.873 [Thread-3] DEBUG nextflow.Session - Session start
Feb-13 15:44:47.072 [Thread-3] DEBUG n.secret.LocalSecretsProvider - Secrets store: /home/jakob/.nextflow/secrets/store.json
Feb-13 15:44:47.074 [Thread-3] DEBUG nextflow.secret.SecretsLoader - Discovered secrets providers: [nextflow.secret.LocalSecretsProvider@f41e46e] - activable => nextflow.secret.LocalSecretsProvider@f41e46e
Feb-13 15:44:47.079 [Thread-3] DEBUG nextflow.Session - Workflow process names [dsl2]: 
Feb-13 15:44:47.079 [Thread-3] DEBUG nextflow.Session - Igniting dataflow network (0)
Feb-13 15:44:47.079 [Thread-3] DEBUG nextflow.Session - Session await
Feb-13 15:44:47.079 [Thread-3] DEBUG nextflow.Session - Session await > all processes finished
Feb-13 15:44:47.079 [Thread-3] DEBUG nextflow.Session - Session await > all barriers passed
Feb-13 15:44:47.087 [Thread-3] DEBUG n.trace.WorkflowStatsObserver - Workflow completed > WorkflowStats[succeededCount=0; failedCount=0; ignoredCount=0; cachedCount=0; pendingCount=0; submittedCount=0; runningCount=0; retriesCount=0; abortedCount=0; succeedDuration=0ms; failedDuration=0ms; cachedDuration=0ms;loadCpus=0; loadMemory=0; peakRunning=0; peakCpus=0; peakMemory=0; ]
Feb-13 15:44:47.098 [Thread-3] DEBUG nextflow.cache.CacheDB - Closing CacheDB done
Feb-13 15:45:02.268 [AWT-EventQueue-0] DEBUG nextflow.Session - Session UUID: 9200dd8f-4b52-48df-8842-2d874c974d73
Feb-13 15:45:02.269 [AWT-EventQueue-0] DEBUG nextflow.Session - Run name: tender_einstein
Feb-13 15:45:02.269 [AWT-EventQueue-0] DEBUG nextflow.Session - Executor pool size: 12
Feb-13 15:45:02.270 [AWT-EventQueue-0] DEBUG nextflow.file.FilePorter - File porter settings maxRetries=3; maxTransfers=50; pollTimeout=null
Feb-13 15:45:02.270 [AWT-EventQueue-0] DEBUG nextflow.util.ThreadPoolBuilder - Creating thread pool 'FileTransfer' minSize=10; maxSize=36; workQueue=LinkedBlockingQueue[10000]; allowCoreThreadTimeout=false
Feb-13 15:45:02.271 [AWT-EventQueue-0] DEBUG nextflow.Session - Work-dir: /home/jakob/src/My-bash-tools/work [ext2/ext3]
Feb-13 15:45:02.272 [AWT-EventQueue-0] DEBUG nextflow.executor.ExecutorFactory - Extension executors providers=[]
Feb-13 15:45:02.273 [AWT-EventQueue-0] DEBUG nextflow.Session - Observer factory: DefaultObserverFactory
Feb-13 15:45:02.274 [AWT-EventQueue-0] DEBUG nextflow.cache.CacheFactory - Using Nextflow cache factory: nextflow.cache.DefaultCacheFactory
Feb-13 15:45:02.290 [Thread-5] DEBUG nextflow.Session - Session start
Feb-13 15:45:02.381 [Thread-5] DEBUG nextflow.Session - Workflow process names [dsl2]: 
Feb-13 15:45:02.381 [Thread-5] DEBUG nextflow.Session - Igniting dataflow network (1)
Feb-13 15:45:02.382 [Thread-5] DEBUG nextflow.Session - Session await
Feb-13 15:45:02.382 [Thread-5] DEBUG nextflow.Session - Session await > all processes finished
Feb-13 15:45:02.382 [Thread-5] DEBUG nextflow.Session - Session await > all barriers passed
Feb-13 15:45:02.384 [Thread-5] DEBUG n.trace.WorkflowStatsObserver - Workflow completed > WorkflowStats[succeededCount=0; failedCount=0; ignoredCount=0; cachedCount=0; pendingCount=0; submittedCount=0; runningCount=0; retriesCount=0; abortedCount=0; succeedDuration=0ms; failedDuration=0ms; cachedDuration=0ms;loadCpus=0; loadMemory=0; peakRunning=0; peakCpus=0; peakMemory=0; ]
Feb-13 15:45:02.384 [Thread-5] DEBUG nextflow.cache.CacheDB - Closing CacheDB done
Feb-13 15:45:22.766 [AWT-EventQueue-0] DEBUG nextflow.Session - Session UUID: bffa22dc-2674-4eba-8478-14c7cf89aefb
Feb-13 15:45:22.766 [AWT-EventQueue-0] DEBUG nextflow.Session - Run name: furious_bartik
Feb-13 15:45:22.766 [AWT-EventQueue-0] DEBUG nextflow.Session - Executor pool size: 12
Feb-13 15:45:22.766 [AWT-EventQueue-0] DEBUG nextflow.file.FilePorter - File porter settings maxRetries=3; maxTransfers=50; pollTimeout=null
Feb-13 15:45:22.766 [AWT-EventQueue-0] DEBUG nextflow.util.ThreadPoolBuilder - Creating thread pool 'FileTransfer' minSize=10; maxSize=36; workQueue=LinkedBlockingQueue[10000]; allowCoreThreadTimeout=false
Feb-13 15:45:22.767 [AWT-EventQueue-0] DEBUG nextflow.Session - Work-dir: /home/jakob/src/My-bash-tools/work [ext2/ext3]
Feb-13 15:45:22.767 [AWT-EventQueue-0] DEBUG nextflow.executor.ExecutorFactory - Extension executors providers=[]
Feb-13 15:45:22.767 [AWT-EventQueue-0] DEBUG nextflow.Session - Observer factory: DefaultObserverFactory
Feb-13 15:45:22.768 [AWT-EventQueue-0] DEBUG nextflow.cache.CacheFactory - Using Nextflow cache factory: nextflow.cache.DefaultCacheFactory
Feb-13 15:45:22.784 [Thread-7] DEBUG nextflow.Session - Session start
Feb-13 15:45:22.805 [Thread-7] DEBUG nextflow.Session - Workflow process names [dsl2]: 
Feb-13 15:45:22.805 [Thread-7] DEBUG nextflow.Session - Igniting dataflow network (1)
Feb-13 15:45:22.806 [Thread-7] DEBUG nextflow.Session - Session await
Feb-13 15:45:22.806 [Thread-7] DEBUG nextflow.Session - Session await > all processes finished
Feb-13 15:45:22.806 [Thread-7] DEBUG nextflow.Session - Session await > all barriers passed
Feb-13 15:45:22.807 [Thread-7] DEBUG n.trace.WorkflowStatsObserver - Workflow completed > WorkflowStats[succeededCount=0; failedCount=0; ignoredCount=0; cachedCount=0; pendingCount=0; submittedCount=0; runningCount=0; retriesCount=0; abortedCount=0; succeedDuration=0ms; failedDuration=0ms; cachedDuration=0ms;loadCpus=0; loadMemory=0; peakRunning=0; peakCpus=0; peakMemory=0; ]
Feb-13 15:45:22.808 [Thread-7] DEBUG nextflow.cache.CacheDB - Closing CacheDB done
Feb-13 15:46:03.671 [AWT-EventQueue-0] DEBUG nextflow.Session - Session UUID: 4ad984fc-ebe4-4f9f-a7f7-b601e9e5cc5c
Feb-13 15:46:03.675 [AWT-EventQueue-0] DEBUG nextflow.Session - Run name: stupefied_poisson
Feb-13 15:46:03.676 [AWT-EventQueue-0] DEBUG nextflow.Session - Executor pool size: 12
Feb-13 15:46:03.676 [AWT-EventQueue-0] DEBUG nextflow.file.FilePorter - File porter settings maxRetries=3; maxTransfers=50; pollTimeout=null
Feb-13 15:46:03.678 [AWT-EventQueue-0] DEBUG nextflow.util.ThreadPoolBuilder - Creating thread pool 'FileTransfer' minSize=10; maxSize=36; workQueue=LinkedBlockingQueue[10000]; allowCoreThreadTimeout=false
Feb-13 15:46:03.679 [AWT-EventQueue-0] DEBUG nextflow.Session - Work-dir: /home/jakob/src/My-bash-tools/work [ext2/ext3]
Feb-13 15:46:03.682 [AWT-EventQueue-0] DEBUG nextflow.executor.ExecutorFactory - Extension executors providers=[]
Feb-13 15:46:03.683 [AWT-EventQueue-0] DEBUG nextflow.Session - Observer factory: DefaultObserverFactory
Feb-13 15:46:03.685 [AWT-EventQueue-0] DEBUG nextflow.cache.CacheFactory - Using Nextflow cache factory: nextflow.cache.DefaultCacheFactory
Feb-13 15:46:03.707 [Thread-9] DEBUG nextflow.Session - Session start
Feb-13 15:46:03.728 [Thread-9] DEBUG nextflow.Session - Workflow process names [dsl2]: 
Feb-13 15:46:03.728 [Thread-9] DEBUG nextflow.Session - Igniting dataflow network (1)
Feb-13 15:46:03.729 [Thread-9] DEBUG nextflow.Session - Session await
Feb-13 15:46:03.729 [Thread-9] DEBUG nextflow.Session - Session await > all processes finished
Feb-13 15:46:03.729 [Thread-9] DEBUG nextflow.Session - Session await > all barriers passed
Feb-13 15:46:03.731 [Thread-9] DEBUG n.trace.WorkflowStatsObserver - Workflow completed > WorkflowStats[succeededCount=0; failedCount=0; ignoredCount=0; cachedCount=0; pendingCount=0; submittedCount=0; runningCount=0; retriesCount=0; abortedCount=0; succeedDuration=0ms; failedDuration=0ms; cachedDuration=0ms;loadCpus=0; loadMemory=0; peakRunning=0; peakCpus=0; peakMemory=0; ]
Feb-13 15:46:03.731 [Thread-9] DEBUG nextflow.cache.CacheDB - Closing CacheDB done
